<?xml version="1.0" encoding="UTF-8"?>
<testng-results ignored="0" total="1" passed="1" failed="0" skipped="0">
  <reporter-output>
  </reporter-output>
  <suite started-at="2023-01-28T23:23:50 IST" name="Default suite" finished-at="2023-01-28T23:23:55 IST" duration-ms="4798">
    <groups>
    </groups>
    <test started-at="2023-01-28T23:23:50 IST" name="Default test" finished-at="2023-01-28T23:23:55 IST" duration-ms="4798">
      <class name="test.ksrtctest">
        <test-method is-config="true" signature="setup()[pri:0, instance:test.ksrtctest@72e5a8e]" started-at="2023-01-28T23:23:50 IST" name="setup" finished-at="2023-01-28T23:23:55 IST" duration-ms="4532" status="PASS">
          <reporter-output>
          </reporter-output>
        </test-method> <!-- setup -->
        <test-method signature="test1()[pri:0, instance:test.ksrtctest@72e5a8e]" started-at="2023-01-28T23:23:55 IST" name="test1" finished-at="2023-01-28T23:23:55 IST" duration-ms="188" status="PASS">
          <reporter-output>
          </reporter-output>
        </test-method> <!-- test1 -->
      </class> <!-- test.ksrtctest -->
    </test> <!-- Default test -->
  </suite> <!-- Default suite -->
</testng-results>
